\BOOKMARK [0][-]{chapter*.1}{Preface}{}% 1
\BOOKMARK [0][-]{section*.3}{Contents}{}% 2
\BOOKMARK [0][-]{chapter.1}{Introduction}{}% 3
\BOOKMARK [1][-]{section.1.1}{Solving Equations}{chapter.1}% 4
\BOOKMARK [1][-]{section.1.2}{The Rationality Hierarchy}{chapter.1}% 5
\BOOKMARK [1][-]{section.1.3}{Retract Rationality and Unirationality of Certain Complete Intersections}{chapter.1}% 6
\BOOKMARK [1][-]{section.1.4}{Birational Invariants on Some Rationally Connected Varieties}{chapter.1}% 7
\BOOKMARK [1][-]{section*.5}{References}{chapter.1}% 8
\BOOKMARK [0][-]{section*.7}{Papers}{}% 9
\BOOKMARK [0][-]{chapter.papter.1}{A \(2,3\)-Intersection Fourfold with no Decomposition of the Diagonal}{}% 10
\BOOKMARK [1][-]{section.papter.1.1}{Introduction}{chapter.papter.1}% 11
\BOOKMARK [1][-]{section.papter.1.2}{Rationality and Specialization}{chapter.papter.1}% 12
\BOOKMARK [1][-]{section.papter.1.3}{A Non Retract Rational \(2,3\)-Complete Intersection}{chapter.papter.1}% 13
\BOOKMARK [1][-]{section*.9}{References}{chapter.papter.1}% 14
\BOOKMARK [0][-]{chapter.papter.2}{The Very General \(3,3\)-Complete Intersection Fivefold has no Decomposition of the Diagonal}{}% 15
\BOOKMARK [1][-]{section.papter.2.1}{Introduction}{chapter.papter.2}% 16
\BOOKMARK [1][-]{section.papter.2.2}{Preliminaries}{chapter.papter.2}% 17
\BOOKMARK [1][-]{section.papter.2.3}{Non Retract Rationality of a Very General \(3,3\)-Fivefold}{chapter.papter.2}% 18
\BOOKMARK [1][-]{section*.14}{References}{chapter.papter.2}% 19
\BOOKMARK [0][-]{chapter.papter.3}{Unirationality of Double Covers and Complete Intersections of Quadrics of Large Dimension}{}% 20
\BOOKMARK [1][-]{section.papter.3.1}{Introduction}{chapter.papter.3}% 21
\BOOKMARK [1][-]{section.papter.3.2}{Cyclic Covers of Large Dimension}{chapter.papter.3}% 22
\BOOKMARK [1][-]{section.papter.3.3}{Intersections of Quadrics}{chapter.papter.3}% 23
\BOOKMARK [1][-]{section*.16}{References}{chapter.papter.3}% 24
\BOOKMARK [0][-]{chapter.papter.4}{Curve Classes on Calabi-Yau Complete Intersections in Toric Varieties}{}% 25
\BOOKMARK [1][-]{section.papter.4.1}{Introduction}{chapter.papter.4}% 26
\BOOKMARK [1][-]{section.papter.4.2}{Preliminaries}{chapter.papter.4}% 27
\BOOKMARK [1][-]{section.papter.4.3}{Complete Intersections}{chapter.papter.4}% 28
\BOOKMARK [1][-]{section*.19}{References}{chapter.papter.4}% 29
\BOOKMARK [0][-]{chapter.papter.5}{Lines on Double Covers}{}% 30
\BOOKMARK [1][-]{section.papter.5.1}{Introduction}{chapter.papter.5}% 31
\BOOKMARK [1][-]{section.papter.5.2}{Definitions}{chapter.papter.5}% 32
\BOOKMARK [1][-]{section.papter.5.3}{Properties of F\(X\)}{chapter.papter.5}% 33
\BOOKMARK [1][-]{section*.21}{References}{chapter.papter.5}% 34
\BOOKMARK [0][-]{chapter.papter.6}{The Griffiths Group of 1-cycles on Double Covers}{}% 35
\BOOKMARK [1][-]{section.papter.6.1}{Introduction}{chapter.papter.6}% 36
\BOOKMARK [1][-]{section.papter.6.2}{1-Cycles on Double Covers of Low Degree}{chapter.papter.6}% 37
\BOOKMARK [1][-]{section*.23}{References}{chapter.papter.6}% 38
\BOOKMARK [0][-]{chapter.papter.7}{Coniveau on Fano Double Covers}{}% 39
\BOOKMARK [1][-]{section.papter.7.1}{Introduction}{chapter.papter.7}% 40
\BOOKMARK [1][-]{section.papter.7.2}{Preliminaries}{chapter.papter.7}% 41
\BOOKMARK [1][-]{section.papter.7.3}{Coniveau on Double Covers}{chapter.papter.7}% 42
\BOOKMARK [1][-]{section.papter.7.4}{Double Cover Fourfolds}{chapter.papter.7}% 43
\BOOKMARK [1][-]{section*.26}{References}{chapter.papter.7}% 44
\BOOKMARK [0][-]{chapter.papter.8}{The Image of the Cylinder Map on Hypersurfaces}{}% 45
\BOOKMARK [1][-]{section.papter.8.1}{Introduction}{chapter.papter.8}% 46
\BOOKMARK [1][-]{section.papter.8.2}{Preliminaries}{chapter.papter.8}% 47
\BOOKMARK [1][-]{section.papter.8.3}{Hypersurfaces Containing a Linear Space}{chapter.papter.8}% 48
\BOOKMARK [1][-]{section.papter.8.4}{Hypersurfaces Containing Cones}{chapter.papter.8}% 49
\BOOKMARK [1][-]{section.papter.8.5}{Quintic Fourfolds}{chapter.papter.8}% 50
\BOOKMARK [1][-]{section*.28}{References}{chapter.papter.8}% 51
\BOOKMARK [0][-]{section*.29}{Appendices}{}% 52
\BOOKMARK [0][-]{appendix.1}{Computations on a Quintic Fourfold}{}% 53
